Start testing: Mar 12 07:20 UTC
----------------------------------------------------------
1/4 Testing: ProtocolTest
1/4 Test: ProtocolTest
Command: "/tmp/fuzz-binary-protocol_1773298162/build/test_fuzzer" "protocol"
Directory: /tmp/fuzz-binary-protocol_1773298162/build
"ProtocolTest" start time: Mar 12 07:20 UTC
Output:
----------------------------------------------------------
Binary Protocol Fuzzer - Test Suite
====================================

=== protocol Tests ===

Protocol Tests:
  Running test_protocol_encode_handshake... PASSED
  Running test_protocol_encode_data... PASSED
  Running test_protocol_decode... PASSED
  Running test_protocol_decode_invalid_magic... PASSED
  Running test_protocol_decode_truncated... PASSED
  Running test_protocol_validate... PASSED
  Running test_protocol_create_helpers... PASSED
  Running test_protocol_message_builder... PASSED

====================================
Tests: 8
Passed: 8
Failed: 0
<end of output>
Test time =   0.00 sec
----------------------------------------------------------
Test Passed.
"ProtocolTest" end time: Mar 12 07:20 UTC
"ProtocolTest" time elapsed: 00:00:00
----------------------------------------------------------

2/4 Testing: MutatorTest
2/4 Test: MutatorTest
Command: "/tmp/fuzz-binary-protocol_1773298162/build/test_fuzzer" "mutator"
Directory: /tmp/fuzz-binary-protocol_1773298162/build
"MutatorTest" start time: Mar 12 07:20 UTC
Output:
----------------------------------------------------------
Binary Protocol Fuzzer - Test Suite
====================================

=== mutator Tests ===


Mutator Tests:
  Running test_mutator_bit_flip... PASSED
  Running test_mutator_byte_flip... PASSED
  Running test_mutator_byte_insert... PASSED
  Running test_mutator_byte_remove... PASSED
  Running test_mutator_arithmetic... PASSED
  Running test_mutator_interesting_values... PASSED
  Running test_mutator_block_operations... PASSED
  Running test_mutator_magic_bytes... PASSED
  Running test_mutator_boundary_values... PASSED
  Running test_mutator_engine_strategies... PASSED
  Running test_mutator_multiple_mutations... PASSED

====================================
Tests: 11
Passed: 11
Failed: 0
<end of output>
Test time =   0.00 sec
----------------------------------------------------------
Test Passed.
"MutatorTest" end time: Mar 12 07:20 UTC
"MutatorTest" time elapsed: 00:00:00
----------------------------------------------------------

3/4 Testing: FuzzerTest
3/4 Test: FuzzerTest
Command: "/tmp/fuzz-binary-protocol_1773298162/build/test_fuzzer" "fuzzer"
Directory: /tmp/fuzz-binary-protocol_1773298162/build
"FuzzerTest" start time: Mar 12 07:20 UTC
Output:
----------------------------------------------------------
Binary Protocol Fuzzer - Test Suite
====================================

=== fuzzer Tests ===


Fuzzer Tests:
  Running test_corpus_manager... PASSED
  Running test_coverage_tracker... PASSED
  Running test_fuzzer_config... PASSED
  Running test_fuzzer_seed_input... PASSED
  Running test_fuzzer_execution_callback... PASSED
  Running test_fuzzer_crash_detection... PASSED
  Running test_fuzzer_coverage_tracking... PASSED
  Running test_fuzzer_generate_input... PASSED

====================================
Tests: 8
Passed: 8
Failed: 0
<end of output>
Test time =   0.00 sec
----------------------------------------------------------
Test Passed.
"FuzzerTest" end time: Mar 12 07:20 UTC
"FuzzerTest" time elapsed: 00:00:00
----------------------------------------------------------

4/4 Testing: IntegrationTest
4/4 Test: IntegrationTest
Command: "/tmp/fuzz-binary-protocol_1773298162/build/test_fuzzer" "integration"
Directory: /tmp/fuzz-binary-protocol_1773298162/build
"IntegrationTest" start time: Mar 12 07:20 UTC
Output:
----------------------------------------------------------
Binary Protocol Fuzzer - Test Suite
====================================

=== integration Tests ===


Integration Tests:
  Running test_integration_full_run... PASSED

====================================
Tests: 1
Passed: 1
Failed: 0
<end of output>
Test time =   0.00 sec
----------------------------------------------------------
Test Passed.
"IntegrationTest" end time: Mar 12 07:20 UTC
"IntegrationTest" time elapsed: 00:00:00
----------------------------------------------------------

End testing: Mar 12 07:20 UTC
